<?xml version="1.0" encoding="UTF-8"?>
<!-- Generated by org.testng.reporters.JUnitReportReporter -->
<testsuite hostname="LAPTOP-7JLP9E2P" failures="0" tests="12" name="org.ict.testcases.AdminDashboardTC" time="46.655" errors="0" timestamp="2024-07-21T09:59:15 IST" skipped="0">
  <testcase classname="org.ict.testcases.AdminDashboardTC" name="adminLogin_Valid" time="1.482"/>
  <system-out/>
  <testcase classname="org.ict.testcases.AdminDashboardTC" name="addNewProject" time="0.427"/>
  <system-out/>
  <testcase classname="org.ict.testcases.AdminDashboardTC" name="addNewProject_EmptyFld" time="1.392"/>
  <system-out/>
  <testcase classname="org.ict.testcases.AdminDashboardTC" name="addNewProject_duplicate" time="0.505"/>
  <system-out/>
  <testcase classname="org.ict.testcases.AdminDashboardTC" name="projectName_Edit" time="11.329"/>
  <system-out/>
  <testcase classname="org.ict.testcases.AdminDashboardTC" name="projectName_cancel" time="0.175"/>
  <system-out/>
  <testcase classname="org.ict.testcases.AdminDashboardTC" name="projectName_delete" time="6.102"/>
  <system-out/>
  <testcase classname="org.ict.testcases.AdminDashboardTC" name="mentorForm_valid" time="11.323"/>
  <system-out/>
  <testcase classname="org.ict.testcases.AdminDashboardTC" name="mentorForm_invalid" time="2.018"/>
  <system-out/>
  <testcase classname="org.ict.testcases.AdminDashboardTC" name="mentorForm_empty" time="0.953"/>
  <system-out/>
  <testcase classname="org.ict.testcases.AdminDashboardTC" name="mentorForm_ListDlt" time="10.796"/>
  <system-out/>
  <testcase classname="org.ict.testcases.AdminDashboardTC" name="adminLogOut" time="0.153"/>
  <system-out/>
</testsuite> <!-- org.ict.testcases.AdminDashboardTC -->
