<?xml version="1.0" encoding="UTF-8"?>
<!-- Generated by org.testng.reporters.JUnitReportReporter -->
<testsuite hostname="LAPTOP-7JLP9E2P" failures="0" tests="8" name="org.ict.testcases.AdminLoginTC" time="9.715" errors="0" timestamp="2024-07-21T09:59:15 IST" skipped="0">
  <testcase classname="org.ict.testcases.AdminLoginTC" name="adminLogin_emptyFld" time="0.565"/>
  <system-out/>
  <testcase classname="org.ict.testcases.AdminLoginTC" name="adminLogin_Invalid" time="2.478"/>
  <system-out/>
  <testcase classname="org.ict.testcases.AdminLoginTC" name="adminLogin_Valid" time="1.717"/>
  <system-out/>
  <testcase classname="org.ict.testcases.AdminLoginTC" name="adminLogOut" time="0.103"/>
  <system-out/>
  <testcase classname="org.ict.testcases.AdminLoginTC" name="mentorLogin_emptyFld" time="0.416"/>
  <system-out/>
  <testcase classname="org.ict.testcases.AdminLoginTC" name="mentorLogin_Invalid" time="1.720"/>
  <system-out/>
  <testcase classname="org.ict.testcases.AdminLoginTC" name="mentorLogin_Valid" time="2.625"/>
  <system-out/>
  <testcase classname="org.ict.testcases.AdminLoginTC" name="mentorLogOut" time="0.091"/>
  <system-out/>
</testsuite> <!-- org.ict.testcases.AdminLoginTC -->
