<?xml version="1.0" encoding="UTF-8"?>
<!-- Generated by org.testng.reporters.JUnitReportReporter -->
<testsuite hostname="LAPTOP-7JLP9E2P" failures="0" tests="6" name="org.ict.testcases.MentorLoginTC" time="32.098" errors="0" timestamp="2024-07-21T09:59:15 IST" skipped="0">
  <testcase classname="org.ict.testcases.MentorLoginTC" name="mentorLogin_Valid" time="2.180"/>
  <system-out/>
  <testcase classname="org.ict.testcases.MentorLoginTC" name="prjt_evaluate" time="7.813"/>
  <system-out/>
  <testcase classname="org.ict.testcases.MentorLoginTC" name="prjtMark_Update" time="7.198"/>
  <system-out/>
  <testcase classname="org.ict.testcases.MentorLoginTC" name="deleteSubmission" time="6.909"/>
  <system-out/>
  <testcase classname="org.ict.testcases.MentorLoginTC" name="addReference" time="0.874"/>
  <system-out/>
  <testcase classname="org.ict.testcases.MentorLoginTC" name="dltReference" time="7.124"/>
  <system-out/>
</testsuite> <!-- org.ict.testcases.MentorLoginTC -->
